<?xml version="1.0" encoding="UTF-8"?>
<!-- Generated by org.testng.reporters.JUnitReportReporter -->
<testsuite hostname="DESKTOP-0JON43M" failures="0" tests="2" name="Commongroupinh.Test2" time="0.047" errors="0" timestamp="28 Sep 2022 12:23:06 GMT" skipped="0">
  <testcase classname="Commongroupinh.Test2" name="test7" time="0.028"/>
  <testcase classname="Commongroupinh.Test2" name="test6" time="0.019"/>
</testsuite> <!-- Commongroupinh.Test2 -->
