<?xml version="1.0" encoding="UTF-8"?>
<!-- Generated by org.testng.reporters.JUnitReportReporter -->
<testsuite hostname="DESKTOP-0JON43M" failures="0" tests="2" name="Commongroupinh.Test1" time="0.049" errors="0" timestamp="28 Sep 2022 12:23:06 GMT" skipped="0">
  <testcase classname="Commongroupinh.Test1" name="test4" time="0.021"/>
  <testcase classname="Commongroupinh.Test1" name="test3" time="0.028"/>
</testsuite> <!-- Commongroupinh.Test1 -->
